# ----------- GLOBAL CONFIGURATION -----------
# Configure username, email, editor, merge tool, etc.
git config --global user.name "<Your Name>"              # Sets your global Git username
git config --global user.email "<Your Email>"            # Sets your global Git email
git config --global core.editor "'C:/Program Files/Notepad++/notepad++.exe'"  # Set default editor
git config --global merge.tool "vscode"                  # Setup VSCode as merge tool
git config --global mergetool.prompt false               # Do not prompt when using merge tool

git config --global core.longpaths true
git config --global user.email "<YOUR EMAIL ID>"
git config --global user.name "<YOUR NAME>"
git config --global merge.tool kdiff3
git config --global mergetool.kdiff3.path "C:/ProgramData/Microsoft/AppV/Client/Integration/7A741846-8F38-4632-B533-4DF483F74685/Root/VFS/ProgramFilesX64/KDiff3/kdiff3.exe"
git config --global mergetool.kdiff3.trustExitCode false
git config --global core.editor "C:/PROGRA~2/notepad++/notepad++.exe"


# ----------- REPOSITORY SETUP -----------
git init                                                # Initialize a new repo in current directory
git clone <repo-url>                                    # Clone a remote repository
git remote -v                                           # List remote URLs linked to this repo
git remote add origin <repo-url>                        # Add a new remote named origin

# ----------- BRANCHING WORKFLOW -----------
git branch                                              # List branches
git branch -a                                           # List all branches (local + remote)
git branch <branch-name>                                # Create a new branch
git branch -d <branch-name>                             # Delete a branch (safe: checks merged)
git checkout <branch-name>                              # Switch to another branch
git checkout -b <branch-name>                           # Create and switch to new branch
git branch -m <old> <new>                               # Rename a branch

# ----------- MAIN WORKFLOW: ADD/COMMIT/PUSH -----------
git status                                              # Show staged, unstaged, and untracked files
git add <file/dir>                                      # Add file/folder to staging area
git add .                                               # Add all changes to staging
git commit -m "<message>"                               # Commit staged changes with message
git commit --amend -m "<new-message>"                   # Modify previous commit if needed
git push                                                # Push commits to remote repository
git push -f                                             # Force push (CAUTION: overwrites history)
git pull                                                # Fetch and merge remote changes
git pull --rebase                                       # Pull and rebase for a linear history

# ----------- WORKING CHANGES -----------
git diff                                                # Show unstaged changes between files and index
git diff <branch1> <branch2>                            # See difference between branches
git log                                                 # See commit history
git log --oneline                                       # Compact commit history view
git show <commit>                                       # Show objects of a specific commit

# ----------- ADVANCED: REVERT, RESET, REBASE -----------
git revert <commit>                                     # Make a new commit to undo changes from commit
git reset --hard HEAD~1                                 # CAUTION: Drop last commit and changes
git rebase origin/<branch>                              # Move current branch ahead of upstream branch
git rebase -i HEAD~n                                    # Interactive rebase (edit/squash/fixup last n commits)
git cherry-pick <commit>                                # Apply a specific commit from another branch
git stash                                               # Save changes not yet ready to commit
git stash pop                                           # Reapply stashed changes

# ----------- FILE MANAGEMENT -----------
git rm <file>                                           # Remove file from working directory and staging area
git rm -r <dir>                                         # Remove directory
git checkout -- <file>                                  # Discard local changes to a file

# ----------- TAGGING / RELEASES -----------
git tag <tagname>                                       # Create tag at current commit
git tag -a <tagname> -m "<desc>"                        # Annotated tag with description
git push origin <tagname>                               # Push a tag to remote

# ----------- CLEANUP & MAINTENANCE -----------
git clean -fd                                           # Remove all untracked files/directories (dangerous)
git reflog                                              # Show a history of HEAD and branch changes

# ----------- COLLABORATION / BLAME / BISCECT -----------
git merge <branch>                                      # Merge a branch into active branch
git blame <file>                                        # See commit/author for each line of a file
git bisect start                                        # Start binary search for bugs (advanced debugging)

# ----------- COMMON TEMPLATES FROM YOUR SCREENSHOTS -----------
git commit --amend -m "PBI-445316_442947_config" # Amend commit with detailed message
git reset --hard HEAD~1                                      # Drop last commit and changes (CAUTION)
git revert <commit-hash>                                     # Create revert commit for the hash
git cherry-pick <commit-hash>     

                           # Apply changes from specific commit
git add .                                                    # Stage all changes
git commit -m "PBI-453874_-baseline"
git push                                                     # Push changes to remote branch
git pull --rebase                                            # Rebase while pulling for cleaner history
git rebase origin/<branch>                                   # Move local changes on top of remote branch




git pull

git checkout PBI-420754_ENV_07_JAN-on-master

git pull --rebase
git rebase origin/master
git push -f
git status

git pull

git checkout Ajay/PBI-448295_Create_generic_purge-1_PS

git pull --rebase
git rebase origin/main
git push -f
git status

git pull

git checkout TEST-DEPLOY_BUILD

git pull --rebase
git rebase origin/release/release-4.01
git push -f
git status

git rebase -i HEAD~5

git commit --amend -m "PBI-445316_config"




git clone https://PAT@dev.azure.com/

git clone https://PAT@dev.azure.com/

git clean -fxd
git checkout cms/config
git status

git clean -fxd
git checkout ANow
git status

C:\Users\SinghA14\repo_anow\ANow

git cherry-pick -n 00e1180d4bc9814b778e41f104bc88235ab6a7700f
git reset
git status

git pull

git checkout PBI-453074_D-on-release_4.02.0

git pull --rebase
git rebase origin/release_4.02.0
git push -f
git status

git pull





git add .
git status
git commit -m"PBI-453074_-baseline"
git push
git status

git add .
git status
git commit -m"PBI-454027_config"
git push
git status

git add .
git status
git commit -m"5"
git push
git status

git add "ITEM1" "ITEM2"

git cherry-pick cf918b2320e6cbcf971edca7089618b1ac1d816ed9
git push -f
git status

git reset HEAD~1
git push -f
git status



git commit --amend -m "PBI-445316_442947_config"
git push -f
git status

**BEWARE**
git reset --hard HEAD~1
git push -f
git status

git revert f8e61fc0527ee00444090e1c31923b94ce87ced3
git push -f
git status

git add .
git status
git commit -m"PBI-453074_-baseline"
git push
git status

git add .
git status
git commit -m"PBI-_config"
git push
git status

git add .
git status
git commit -m"5"
git push
git status
